2025-07-05 19:59:42 - 开始自动同步 Digital Garden...
2025-07-05 19:59:42 - 发现文件更改，开始同步流程...
2025-07-05 19:59:42 - 步骤1：提交所有更改...
2025-07-05 19:59:43 - 提交成功: Digital Garden update: 2025-07-05 19:59:42
2025-07-05 19:59:43 - 步骤2：拉取远程更新...
2025-07-05 19:59:44 - 拉取成功
2025-07-05 19:59:45 - 步骤3：推送到远程...
2025-07-05 19:59:48 - 推送成功
2025-07-05 19:59:48 - ✅ Digital Garden 同步完成！
2025-07-05 19:59:48 - 尝试发送通知: Digital Garden 同步 - 成功同步 3 个文件
2025-07-05 19:59:48 - 使用 terminal-notifier 发送通知
2025-07-05 20:02:54 - 开始自动同步 Digital Garden...
2025-07-05 20:02:54 - 发现文件更改，开始同步流程...
2025-07-05 20:02:54 - 步骤1：提交所有更改...
2025-07-05 20:02:55 - 提交成功: Digital Garden update: 2025-07-05 20:02:54
2025-07-05 20:02:55 - 步骤2：拉取远程更新...
2025-07-05 20:02:56 - 拉取成功
2025-07-05 20:02:56 - 步骤3：推送到远程...
2025-07-05 20:02:59 - 推送成功
2025-07-05 20:02:59 - ✅ Digital Garden 同步完成！
2025-07-05 20:02:59 - 尝试发送通知: Digital Garden 同步 - 成功同步 2 个文件
2025-07-05 20:02:59 - 使用 terminal-notifier 发送通知
2025-07-05 20:15:58 - 开始自动同步 Digital Garden...
2025-07-05 20:15:58 - 发现文件更改，开始同步流程...
2025-07-05 20:15:58 - 步骤1：提交所有更改...
2025-07-05 20:15:58 - 提交成功: Digital Garden update: 2025-07-05 20:15:58
2025-07-05 20:15:58 - 步骤2：拉取远程更新...
2025-07-05 20:16:00 - 拉取成功
2025-07-05 20:16:00 - 步骤3：推送到远程...
2025-07-05 20:16:03 - 推送成功
2025-07-05 20:16:03 - ✅ Digital Garden 同步完成！
2025-07-05 20:16:04 - 尝试发送通知: Digital Garden 同步 - 成功同步 5 个文件
2025-07-05 20:16:04 - 使用 terminal-notifier 发送通知
2025-07-05 20:21:57 - 开始自动同步 Digital Garden...
2025-07-05 20:21:57 - 发现文件更改，开始同步流程...
2025-07-05 20:21:57 - 步骤1：提交所有更改...
2025-07-05 20:21:58 - 提交成功: Digital Garden update: 2025-07-05 20:21:57
2025-07-05 20:21:58 - 步骤2：拉取远程更新...
2025-07-05 20:22:00 - 拉取成功
2025-07-05 20:22:00 - 步骤3：推送到远程...
2025-07-05 20:22:05 - 推送成功
2025-07-05 20:22:05 - ✅ Digital Garden 同步完成！
2025-07-05 20:22:05 - 尝试发送通知: Digital Garden 同步 - 成功同步 6 个文件
2025-07-05 20:22:05 - 使用 terminal-notifier 发送通知
2025-07-05 22:01:27 - 开始自动同步 Digital Garden...
2025-07-05 22:01:27 - 发现文件更改，开始同步流程...
2025-07-05 22:01:27 - 步骤1：提交所有更改...
